-------------------------------------------------------------------------------
Test set: com.javaegitimleri.petclinic.web.OwnersWebMvcTests
-------------------------------------------------------------------------------
Tests run: 1, Failures: 0, Errors: 1, Skipped: 0, Time elapsed: 0 s <<< FAILURE! - in com.javaegitimleri.petclinic.web.OwnersWebMvcTests
initializationError(com.javaegitimleri.petclinic.web.OwnersWebMvcTests)  Time elapsed: 0 s  <<< ERROR!
java.lang.Exception: Method testOwners() should be public

