-------------------------------------------------------------------------------
Test set: com.javaegitimleri.petclinic.web.PetClinicIntegrationTests
-------------------------------------------------------------------------------
Tests run: 1, Failures: 0, Errors: 1, Skipped: 0, Time elapsed: 1.054 s <<< FAILURE! - in com.javaegitimleri.petclinic.web.PetClinicIntegrationTests
testFindOwners(com.javaegitimleri.petclinic.web.PetClinicIntegrationTests)  Time elapsed: 0 s  <<< ERROR!
java.lang.IllegalStateException: Failed to load ApplicationContext
Caused by: org.springframework.beans.factory.UnsatisfiedDependencyException: 
Error creating bean with name 'inMemoryDatabaseShutdownExecutor' defined in class path resource [org/springframework/boot/devtools/autoconfigure/DevToolsDataSourceAutoConfiguration.class]: Unsatisfied dependency expressed through method 'inMemoryDatabaseShutdownExecutor' parameter 0; nested exception is org.springframework.beans.factory.BeanCreationException: Error creating bean with name 'dataSource' defined in class path resource [org/springframework/boot/autoconfigure/jdbc/DataSourceConfiguration$Hikari.class]: Initialization of bean failed; nested exception is org.springframework.beans.factory.BeanCreationException: Error creating bean with name 'org.springframework.boot.autoconfigure.jdbc.DataSourceInitializerInvoker': Invocation of init method failed; nested exception is org.springframework.jdbc.datasource.init.ScriptStatementFailedException: Failed to execute SQL script statement #1 of URL [file:/C:/Users/Bugra/git/SpringBoot/test/target/classes/schema.sql]: CREATE TABLE users( username varchar(128) NOT NULL PRIMARY KEY, password varchar(128) NOT NULL, enabled boolean NOT null ); nested exception is org.h2.jdbc.JdbcSQLException: Table "USERS" already exists; SQL statement:
CREATE TABLE users( username varchar(128) NOT NULL PRIMARY KEY, password varchar(128) NOT NULL, enabled boolean NOT null ) [42101-196]
Caused by: org.springframework.beans.factory.BeanCreationException: 
Error creating bean with name 'dataSource' defined in class path resource [org/springframework/boot/autoconfigure/jdbc/DataSourceConfiguration$Hikari.class]: Initialization of bean failed; nested exception is org.springframework.beans.factory.BeanCreationException: Error creating bean with name 'org.springframework.boot.autoconfigure.jdbc.DataSourceInitializerInvoker': Invocation of init method failed; nested exception is org.springframework.jdbc.datasource.init.ScriptStatementFailedException: Failed to execute SQL script statement #1 of URL [file:/C:/Users/Bugra/git/SpringBoot/test/target/classes/schema.sql]: CREATE TABLE users( username varchar(128) NOT NULL PRIMARY KEY, password varchar(128) NOT NULL, enabled boolean NOT null ); nested exception is org.h2.jdbc.JdbcSQLException: Table "USERS" already exists; SQL statement:
CREATE TABLE users( username varchar(128) NOT NULL PRIMARY KEY, password varchar(128) NOT NULL, enabled boolean NOT null ) [42101-196]
Caused by: org.springframework.beans.factory.BeanCreationException: 
Error creating bean with name 'org.springframework.boot.autoconfigure.jdbc.DataSourceInitializerInvoker': Invocation of init method failed; nested exception is org.springframework.jdbc.datasource.init.ScriptStatementFailedException: Failed to execute SQL script statement #1 of URL [file:/C:/Users/Bugra/git/SpringBoot/test/target/classes/schema.sql]: CREATE TABLE users( username varchar(128) NOT NULL PRIMARY KEY, password varchar(128) NOT NULL, enabled boolean NOT null ); nested exception is org.h2.jdbc.JdbcSQLException: Table "USERS" already exists; SQL statement:
CREATE TABLE users( username varchar(128) NOT NULL PRIMARY KEY, password varchar(128) NOT NULL, enabled boolean NOT null ) [42101-196]
Caused by: org.springframework.jdbc.datasource.init.ScriptStatementFailedException: 
Failed to execute SQL script statement #1 of URL [file:/C:/Users/Bugra/git/SpringBoot/test/target/classes/schema.sql]: CREATE TABLE users( username varchar(128) NOT NULL PRIMARY KEY, password varchar(128) NOT NULL, enabled boolean NOT null ); nested exception is org.h2.jdbc.JdbcSQLException: Table "USERS" already exists; SQL statement:
CREATE TABLE users( username varchar(128) NOT NULL PRIMARY KEY, password varchar(128) NOT NULL, enabled boolean NOT null ) [42101-196]
Caused by: org.h2.jdbc.JdbcSQLException: 
Table "USERS" already exists; SQL statement:
CREATE TABLE users( username varchar(128) NOT NULL PRIMARY KEY, password varchar(128) NOT NULL, enabled boolean NOT null ) [42101-196]

